<?xml version="1.0" encoding="UTF-8"?>
<!-- Generated by org.testng.reporters.JUnitReportReporter -->
<testsuite skipped="0" hostname="DESKTOP-P0BHSOJ" name="Test.HMSLogin" tests="1" failures="0" timestamp="24 Oct 2017 15:53:19 GMT" time="38.689" errors="0">
  <testcase name="login" time="38.689" classname="Test.HMSLogin"/>
</testsuite> <!-- Test.HMSLogin -->
